<?xml version="1.0" encoding="UTF-8"?>
<testsuite xmlns:xsi="http://www.w3.org/2001/XMLSchema-instance" xsi:noNamespaceSchemaLocation="https://maven.apache.org/surefire/maven-surefire-plugin/xsd/surefire-test-report-3.0.xsd" version="3.0" name="com.example.MicroservicesApplicationTests" time="2.815" tests="1" errors="0" skipped="0" failures="0">
  <properties>
[...]
</properties>
  <testcase name="contextLoads" classname="com.example.MicroservicesApplicationTests" time="0.789">
    <system-out><![CDATA[10:34:32.778 [main] INFO org.springframework.test.context.support.AnnotationConfigContextLoaderUtils -- Could not detect default configuration classes for test class [com.example.MicroservicesApplicationTests]: MicroservicesApplicationTests does not declare any static, non-private, non-final, nested classes annotated with @Configuration.
10:34:32.861 [main] INFO org.springframework.boot.test.context.SpringBootTestContextBootstrapper -- Found @SpringBootConfiguration com.example.MicroservicesApplication for test class com.example.MicroservicesApplicationTests
10:34:33.002 [main] INFO org.springframework.boot.devtools.restart.RestartApplicationListener -- Restart disabled due to context in which it is running

  .   ____          _            __ _ _
 /\\ / ___'_ __ _ _(_)_ __  __ _ \ \ \ \
( ( )\___ | '_ | '_| | '_ \/ _` | \ \ \ \
 \\/  ___)| |_)| | | | | || (_| |  ) ) ) )
  '  |____| .__|_| |_|_| |_\__, | / / / /
 =========|_|==============|___/=/_/_/_/
 :: Spring Boot ::                (v3.2.0)

2023-12-19T10:34:33.202-08:00  INFO 25584 --- [           main] c.example.MicroservicesApplicationTests  : Starting MicroservicesApplicationTests using Java 17.0.9 with PID 25584 (started by pegah in E:\Learning\Java\Advanced Java\3. Microservice & Spring Cloud\Microservices)
2023-12-19T10:34:33.204-08:00  INFO 25584 --- [           main] c.example.MicroservicesApplicationTests  : No active profile set, falling back to 1 default profile: "default"
2023-12-19T10:34:34.513-08:00  INFO 25584 --- [           main] o.s.b.a.e.web.EndpointLinksResolver      : Exposing 1 endpoint(s) beneath base path '/actuator'
2023-12-19T10:34:34.561-08:00  INFO 25584 --- [           main] c.example.MicroservicesApplicationTests  : Started MicroservicesApplicationTests in 1.57 seconds (process running for 2.638)
]]></system-out>
  </testcase>
</testsuite>